Mplus VERSION 8
MUTHEN & MUTHEN
06/15/2018   4:43 PM

INPUT INSTRUCTIONS

  TITLE:      PIAAC PV Project - US Conference. this file analyzes the aerage
              of the 10 plausible values WITHOUT using all sampling and replicate
              weights.

  DATA:
              FILE is C:\Users\noah_padgett1\Desktop\PIAAC_PV\Mplus Code\
              Avg_without_weights\PIAAC_household_reduced_2018_06_15_mplus.dat;
              !TYPE = imputation;

  VARIABLE:
          Names are CNTRYID GENDER_R  PVNUM1 PVNUM2 PVNUM3 PVNUM4 PVNUM5
              PVNUM6 PVNUM7 PVNUM8 PVNUM9 PVNUM10 VEMETHOD   VEMETHODN  VEFAYFAC
              VENREPS   VARSTRAT  VARUNIT   	SPFWT0	SPFWT1	SPFWT2	SPFWT3	SPFWT4	
              SPFWT5	SPFWT6	SPFWT7	SPFWT8	SPFWT9	SPFWT10	SPFWT11	
              SPFWT12	SPFWT13	SPFWT14	SPFWT15	SPFWT16	SPFWT17	SPFWT18	
              SPFWT19	SPFWT20	SPFWT21	SPFWT22	SPFWT23	SPFWT24	SPFWT25	SPFWT26	
              SPFWT27	SPFWT28	SPFWT29	SPFWT30	SPFWT31	SPFWT32	SPFWT33	
              SPFWT34	SPFWT35	SPFWT36	SPFWT37	SPFWT38	SPFWT39	SPFWT40	
              SPFWT41	SPFWT42	SPFWT43	SPFWT44	SPFWT45	SPFWT46	SPFWT47	SPFWT48	
              SPFWT49	SPFWT50	SPFWT51	SPFWT52	SPFWT53	SPFWT54	SPFWT55	
              SPFWT56	SPFWT57	SPFWT58	SPFWT59	SPFWT60	SPFWT61	SPFWT62	
              SPFWT63	SPFWT64	SPFWT65	SPFWT66	SPFWT67	SPFWT68	SPFWT69	SPFWT70	
              SPFWT71	SPFWT72	SPFWT73	SPFWT74	SPFWT75	SPFWT76	SPFWT77	
              SPFWT78	SPFWT79	SPFWT80	Female AvgNUM;	

              USEVARIABLES ARE   AvgNUM Female ;

              Missing = ALL (-9999, 9999, 9);

              !WEIGHT = SPFWT0;
              !REPWEIGHT = SPFWT1-SPFWT80;

  !ANALYSIS:
  !            TYPE IS  COMPLEX ;
  !            REPSE = JACKKNIFE2;

  MODEL:
              AvgNUM   on Female ;


  OUTPUT:     SAMPSTAT RESIDUAL STANDARDIZED CINTERVAL TECH4;



*** WARNING
  Data set contains cases with missing on all variables except
  x-variables.  These cases were not included in the analysis.
  Number of cases with missing on all variables except x-variables:  182
   1 WARNING(S) FOUND IN THE INPUT INSTRUCTIONS



PIAAC PV Project - US Conference. this file analyzes the aerage
of the 10 plausible values WITHOUT using all sampling and replicate
weights.

SUMMARY OF ANALYSIS

Number of groups                                                 1
Number of observations                                        8488

Number of dependent variables                                    1
Number of independent variables                                  1
Number of continuous latent variables                            0

Observed dependent variables

  Continuous
   AVGNUM

Observed independent variables
   FEMALE


Estimator                                                       ML
Information matrix                                        OBSERVED
Maximum number of iterations                                  1000
Convergence criterion                                    0.500D-04
Maximum number of steepest descent iterations                   20
Maximum number of iterations for H1                           2000
Convergence criterion for H1                             0.100D-03

Input data file(s)
  C:\Users\noah_padgett1\Desktop\PIAAC_PV\Mplus Code\ Avg_without_weights\PIAAC_

Input data format  FREE


SUMMARY OF DATA

     Number of missing data patterns             1


COVARIANCE COVERAGE OF DATA

Minimum covariance coverage value   0.100


     PROPORTION OF DATA PRESENT


           Covariance Coverage
              AVGNUM        FEMALE
              ________      ________
 AVGNUM         1.000
 FEMALE         1.000         1.000


SAMPLE STATISTICS


     ESTIMATED SAMPLE STATISTICS


           Means
              AVGNUM        FEMALE
              ________      ________
              250.592         0.538


           Covariances
              AVGNUM        FEMALE
              ________      ________
 AVGNUM      2730.836
 FEMALE        -3.508         0.249


           Correlations
              AVGNUM        FEMALE
              ________      ________
 AVGNUM         1.000
 FEMALE        -0.135         1.000


     MAXIMUM LOG-LIKELIHOOD VALUE FOR THE UNRESTRICTED (H1) MODEL IS -51681.767


UNIVARIATE SAMPLE STATISTICS


     UNIVARIATE HIGHER-ORDER MOMENT DESCRIPTIVE STATISTICS

         Variable/         Mean/     Skewness/   Minimum/ % with                Percentiles
        Sample Size      Variance    Kurtosis    Maximum  Min/Max      20%/60%    40%/80%    Median

     AVGNUM              250.592      -0.142      68.852    0.01%     205.069    238.200    252.089
            8488.000    2730.836      -0.379     403.764    0.01%     265.911    296.805
     FEMALE                0.538      -0.154       0.000   46.16%       0.000      0.000      1.000
            8488.000       0.249      -1.976       1.000   53.84%       1.000      1.000


THE MODEL ESTIMATION TERMINATED NORMALLY



MODEL FIT INFORMATION

Number of Free Parameters                        3

Loglikelihood

          H0 Value                      -45546.366
          H1 Value                      -45546.366

Information Criteria

          Akaike (AIC)                   91098.731
          Bayesian (BIC)                 91119.870
          Sample-Size Adjusted BIC       91110.337
            (n* = (n + 2) / 24)

Chi-Square Test of Model Fit

          Value                              0.000
          Degrees of Freedom                     0
          P-Value                           0.0000

RMSEA (Root Mean Square Error Of Approximation)

          Estimate                           0.000
          90 Percent C.I.                    0.000  0.000
          Probability RMSEA <= .05           0.000

CFI/TLI

          CFI                                1.000
          TLI                                1.000

Chi-Square Test of Model Fit for the Baseline Model

          Value                            155.308
          Degrees of Freedom                     1
          P-Value                           0.0000

SRMR (Standardized Root Mean Square Residual)

          Value                              0.000



MODEL RESULTS

                                                    Two-Tailed
                    Estimate       S.E.  Est./S.E.    P-Value

 AVGNUM   ON
    FEMALE           -14.115      1.127    -12.520      0.000

 Intercepts
    AVGNUM           258.191      0.827    312.104      0.000

 Residual Variances
    AVGNUM          2681.320     41.159     65.146      0.000


STANDARDIZED MODEL RESULTS


STDYX Standardization

                                                    Two-Tailed
                    Estimate       S.E.  Est./S.E.    P-Value

 AVGNUM   ON
    FEMALE            -0.135      0.011    -12.635      0.000

 Intercepts
    AVGNUM             4.941      0.039    126.630      0.000

 Residual Variances
    AVGNUM             0.982      0.003    342.105      0.000


STDY Standardization

                                                    Two-Tailed
                    Estimate       S.E.  Est./S.E.    P-Value

 AVGNUM   ON
    FEMALE            -0.270      0.021    -12.692      0.000

 Intercepts
    AVGNUM             4.941      0.039    126.630      0.000

 Residual Variances
    AVGNUM             0.982      0.003    342.105      0.000


STD Standardization

                                                    Two-Tailed
                    Estimate       S.E.  Est./S.E.    P-Value

 AVGNUM   ON
    FEMALE           -14.115      1.127    -12.520      0.000

 Intercepts
    AVGNUM           258.191      0.827    312.104      0.000

 Residual Variances
    AVGNUM          2681.320     41.159     65.146      0.000


R-SQUARE

    Observed                                        Two-Tailed
    Variable        Estimate       S.E.  Est./S.E.    P-Value

    AVGNUM             0.018      0.003      6.317      0.000


QUALITY OF NUMERICAL RESULTS

     Condition Number for the Information Matrix              0.741E-03
       (ratio of smallest to largest eigenvalue)


CONFIDENCE INTERVALS OF MODEL RESULTS

                  Lower .5%  Lower 2.5%    Lower 5%    Estimate    Upper 5%  Upper 2.5%   Upper .5%

 AVGNUM   ON
    FEMALE         -17.019     -16.325     -15.969     -14.115     -12.260     -11.905     -11.211

 Intercepts
    AVGNUM         256.060     256.570     256.830     258.191     259.552     259.813     260.322

 Residual Variances
    AVGNUM        2575.303    2600.649    2613.614    2681.320    2749.026    2761.991    2787.336


CONFIDENCE INTERVALS OF STANDARDIZED MODEL RESULTS


STDYX Standardization

                  Lower .5%  Lower 2.5%    Lower 5%    Estimate    Upper 5%  Upper 2.5%   Upper .5%

 AVGNUM   ON
    FEMALE          -0.162      -0.156      -0.152      -0.135      -0.117      -0.114      -0.107

 Intercepts
    AVGNUM           4.840       4.864       4.877       4.941       5.005       5.017       5.041

 Residual Variances
    AVGNUM           0.974       0.976       0.977       0.982       0.987       0.987       0.989


STDY Standardization

                  Lower .5%  Lower 2.5%    Lower 5%    Estimate    Upper 5%  Upper 2.5%   Upper .5%

 AVGNUM   ON
    FEMALE          -0.325      -0.312      -0.305      -0.270      -0.235      -0.228      -0.215

 Intercepts
    AVGNUM           4.840       4.864       4.877       4.941       5.005       5.017       5.041

 Residual Variances
    AVGNUM           0.974       0.976       0.977       0.982       0.987       0.987       0.989


STD Standardization

                  Lower .5%  Lower 2.5%    Lower 5%    Estimate    Upper 5%  Upper 2.5%   Upper .5%

 AVGNUM   ON
    FEMALE         -17.019     -16.325     -15.969     -14.115     -12.260     -11.905     -11.211

 Intercepts
    AVGNUM         256.060     256.570     256.830     258.191     259.552     259.813     260.322

 Residual Variances
    AVGNUM        2575.303    2600.649    2613.614    2681.320    2749.026    2761.991    2787.336


RESIDUAL OUTPUT


     ESTIMATED MODEL AND RESIDUALS (OBSERVED - ESTIMATED)


           Model Estimated Means/Intercepts/Thresholds
              AVGNUM        FEMALE
              ________      ________
              250.592         0.538


           Residuals for Means/Intercepts/Thresholds
              AVGNUM        FEMALE
              ________      ________
                0.000         0.000


           Standardized Residuals (z-scores) for Means/Intercepts/Thresholds
              AVGNUM        FEMALE
              ________      ________
                0.049         0.000


           Normalized Residuals for Means/Intercepts/Thresholds
              AVGNUM        FEMALE
              ________      ________
                0.000         0.000


           Model Estimated Covariances/Correlations/Residual Correlations
              AVGNUM        FEMALE
              ________      ________
 AVGNUM      2730.833
 FEMALE        -3.508         0.249


           Residuals for Covariances/Correlations/Residual Correlations
              AVGNUM        FEMALE
              ________      ________
 AVGNUM         0.003
 FEMALE         0.000         0.000


           Standardized Residuals (z-scores) for Covariances/Correlations/Residual Corr
              AVGNUM        FEMALE
              ________      ________
 AVGNUM         0.035
 FEMALE         0.071         0.000


           Normalized Residuals for Covariances/Correlations/Residual Correlations
              AVGNUM        FEMALE
              ________      ________
 AVGNUM         0.000
 FEMALE         0.000         0.000


TECHNICAL 4 OUTPUT


     ESTIMATES DERIVED FROM THE MODEL


           ESTIMATED MEANS FOR THE LATENT VARIABLES
              AVGNUM        FEMALE
              ________      ________
              250.592         0.538


           S.E. FOR ESTIMATED MEANS FOR THE LATENT VARIABLES
              AVGNUM        FEMALE
              ________      ________
                0.567         0.005


           EST./S.E. FOR ESTIMATED MEANS FOR THE LATENT VARIABLES
              AVGNUM        FEMALE
              ________      ________
              441.796        99.501


           TWO-TAILED P-VALUE FOR ESTIMATED MEANS FOR THE LATENT VARIABLES
              AVGNUM        FEMALE
              ________      ________
                0.000         0.000


           ESTIMATED COVARIANCE MATRIX FOR THE LATENT VARIABLES
              AVGNUM        FEMALE
              ________      ________
 AVGNUM      2730.833
 FEMALE        -3.508         0.249


           S.E. FOR ESTIMATED COVARIANCE MATRIX FOR THE LATENT VARIABLES
              AVGNUM        FEMALE
              ________      ________
 AVGNUM        41.919
 FEMALE         0.285         0.004


           EST./S.E. FOR ESTIMATED COVARIANCE MATRIX FOR THE LATENT VARIABLES
              AVGNUM        FEMALE
              ________      ________
 AVGNUM        65.146
 FEMALE       -12.295        65.146


           TWO-TAILED P-VALUE FOR ESTIMATED COVARIANCE MATRIX FOR THE LATENT VARIABLES
              AVGNUM        FEMALE
              ________      ________
 AVGNUM         0.000
 FEMALE         0.000         0.000


           ESTIMATED CORRELATION MATRIX FOR THE LATENT VARIABLES
              AVGNUM        FEMALE
              ________      ________
 AVGNUM         1.000
 FEMALE        -0.135         1.000


           S.E. FOR ESTIMATED CORRELATION MATRIX FOR THE LATENT VARIABLES
              AVGNUM        FEMALE
              ________      ________
 AVGNUM         0.000
 FEMALE         0.011         0.000


           EST./S.E. FOR ESTIMATED CORRELATION MATRIX FOR THE LATENT VARIABLES
              AVGNUM        FEMALE
              ________      ________
 AVGNUM       999.000
 FEMALE       -12.635       999.000


           TWO-TAILED P-VALUE FOR ESTIMATED CORRELATION MATRIX FOR THE LATENT VARIABLES
              AVGNUM        FEMALE
              ________      ________
 AVGNUM         0.000
 FEMALE         0.000         0.000


DIAGRAM INFORMATION

  Use View Diagram under the Diagram menu in the Mplus Editor to view the diagram.
  If running Mplus from the Mplus Diagrammer, the diagram opens automatically.

  Diagram output
    c:\users\noah_padgett1\desktop\piaac_pv\mplus code\avg_without_weights\avg_pv_without_weights.dgm

     Beginning Time:  16:43:18
        Ending Time:  16:43:18
       Elapsed Time:  00:00:00



MUTHEN & MUTHEN
3463 Stoner Ave.
Los Angeles, CA  90066

Tel: (310) 391-9971
Fax: (310) 391-8971
Web: www.StatModel.com
Support: Support@StatModel.com

Copyright (c) 1998-2017 Muthen & Muthen
